#
# There is insufficient memory for the Java Runtime Environment to continue.
# Native memory allocation (mmap) failed to map 121634816 bytes for G1 virtual space
# Possible reasons:
#   The system is out of physical RAM or swap space
#   The process is running with CompressedOops enabled, and the Java Heap may be blocking the growth of the native heap
# Possible solutions:
#   Reduce memory load on the system
#   Increase physical memory or swap space
#   Check if swap backing store is full
#   Decrease Java heap size (-Xmx/-Xms)
#   Decrease number of Java threads
#   Decrease Java thread stack sizes (-Xss)
#   Set larger code cache with -XX:ReservedCodeCacheSize=
#   JVM is running with Zero Based Compressed Oops mode in which the Java heap is
#     placed in the first 32GB address space. The Java Heap base address is the
#     maximum limit for the native heap growth. Please use -XX:HeapBaseMinAddress
#     to set the Java Heap base and to place the Java Heap above 32GB virtual address.
# This output file may be truncated or incomplete.
#
#  Out of Memory Error (os_windows.cpp:3551), pid=38072, tid=2600
#
# JRE version: Java(TM) SE Runtime Environment (17.0.16+12) (build 17.0.16+12-LTS-247)
# Java VM: Java HotSpot(TM) 64-Bit Server VM (17.0.16+12-LTS-247, mixed mode, sharing, tiered, compressed oops, compressed class ptrs, g1 gc, windows-amd64)
# No core dump will be written. Minidumps are not enabled by default on client versions of Windows
#

---------------  S U M M A R Y ------------

Command Line: -Dclassworlds.conf=D:\packageinstall\apache-maven-3.8.6\bin\m2.conf -Dmaven.home=D:\packageinstall\apache-maven-3.8.6 -Dlibrary.jansi.path=D:\packageinstall\apache-maven-3.8.6\lib\jansi-native -Dmaven.multiModuleProjectDirectory=E:\workspace\development\Ipass\stone202511181359\stone org.codehaus.plexus.classworlds.launcher.Launcher clean package -DskipTests

Host: 12th Gen Intel(R) Core(TM) i5-12500H, 16 cores, 15G,  Windows 11 , 64 bit Build 26100 (10.0.26100.7309)
Time: Mon Dec 29 23:37:28 2025  Windows 11 , 64 bit Build 26100 (10.0.26100.7309) elapsed time: 8.299509 seconds (0d 0h 0m 8s)

---------------  T H R E A D  ---------------

Current thread (0x000001ec0f63dc60):  VMThread "VM Thread" [stack: 0x000000c32de00000,0x000000c32df00000] [id=2600]

Stack: [0x000000c32de00000,0x000000c32df00000]
Native frames: (J=compiled Java code, j=interpreted, Vv=VM code, C=native code)
V  [jvm.dll+0x67a46a]
V  [jvm.dll+0x7da77d]
V  [jvm.dll+0x7dc0c3]
V  [jvm.dll+0x7dc733]
V  [jvm.dll+0x24523f]
V  [jvm.dll+0x677499]
V  [jvm.dll+0x66c122]
V  [jvm.dll+0x302156]
V  [jvm.dll+0x3096f6]
V  [jvm.dll+0x35a04e]
V  [jvm.dll+0x35a27f]
V  [jvm.dll+0x2d9228]
V  [jvm.dll+0x2d765d]
V  [jvm.dll+0x2d6cac]
V  [jvm.dll+0x31a80b]
V  [jvm.dll+0x7e102b]
V  [jvm.dll+0x7e1d64]
V  [jvm.dll+0x7e227d]
V  [jvm.dll+0x7e2654]
V  [jvm.dll+0x7e2720]
V  [jvm.dll+0x78b18a]
V  [jvm.dll+0x679355]
C  [ucrtbase.dll+0x37b0]
C  [KERNEL32.DLL+0x2e8d7]
C  [ntdll.dll+0x8c53c]

VM_Operation (0x000000c32d8fb950): G1CollectForAllocation, mode: safepoint, requested by thread 0x000001ec6bf35440


---------------  P R O C E S S  ---------------

Threads class SMR info:
_java_thread_list=0x000001ec57d6f2e0, length=17, elements={
0x000001ec6bf35440, 0x000001ec0f63e6e0, 0x000001ec0f643390, 0x000001ec0f660e00,
0x000001ec0f6617b0, 0x000001ec0f662160, 0x000001ec0f662b10, 0x000001ec0f664800,
0x000001ec0f67d390, 0x000001ec0f67dd80, 0x000001ec0f81fc50, 0x000001ec0f8285a0,
0x000001ec0f72aec0, 0x000001ec5550c0b0, 0x000001ec5747e6b0, 0x000001ec56131f60,
0x000001ec565407e0
}

Java Threads: ( => current thread )
  0x000001ec6bf35440 JavaThread "main" [_thread_blocked, id=23512, stack(0x000000c32d800000,0x000000c32d900000)]
  0x000001ec0f63e6e0 JavaThread "Reference Handler" daemon [_thread_blocked, id=32552, stack(0x000000c32df00000,0x000000c32e000000)]
  0x000001ec0f643390 JavaThread "Finalizer" daemon [_thread_blocked, id=14672, stack(0x000000c32e000000,0x000000c32e100000)]
  0x000001ec0f660e00 JavaThread "Signal Dispatcher" daemon [_thread_blocked, id=44704, stack(0x000000c32e100000,0x000000c32e200000)]
  0x000001ec0f6617b0 JavaThread "Attach Listener" daemon [_thread_blocked, id=44240, stack(0x000000c32e200000,0x000000c32e300000)]
  0x000001ec0f662160 JavaThread "Service Thread" daemon [_thread_blocked, id=49728, stack(0x000000c32e300000,0x000000c32e400000)]
  0x000001ec0f662b10 JavaThread "Monitor Deflation Thread" daemon [_thread_blocked, id=45040, stack(0x000000c32e400000,0x000000c32e500000)]
  0x000001ec0f664800 JavaThread "C2 CompilerThread0" daemon [_thread_blocked, id=44652, stack(0x000000c32e500000,0x000000c32e600000)]
  0x000001ec0f67d390 JavaThread "C1 CompilerThread0" daemon [_thread_blocked, id=48224, stack(0x000000c32e600000,0x000000c32e700000)]
  0x000001ec0f67dd80 JavaThread "Sweeper thread" daemon [_thread_blocked, id=48732, stack(0x000000c32e700000,0x000000c32e800000)]
  0x000001ec0f81fc50 JavaThread "Notification Thread" daemon [_thread_blocked, id=44000, stack(0x000000c32e900000,0x000000c32ea00000)]
  0x000001ec0f8285a0 JavaThread "Common-Cleaner" daemon [_thread_blocked, id=20204, stack(0x000000c32eb00000,0x000000c32ec00000)]
  0x000001ec0f72aec0 JavaThread "C1 CompilerThread1" daemon [_thread_blocked, id=20552, stack(0x000000c32e800000,0x000000c32e900000)]
  0x000001ec5550c0b0 JavaThread "C2 CompilerThread1" daemon [_thread_blocked, id=29608, stack(0x000000c32ec00000,0x000000c32ed00000)]
  0x000001ec5747e6b0 JavaThread "C1 CompilerThread2" daemon [_thread_blocked, id=46224, stack(0x000000c32fa00000,0x000000c32fb00000)]
  0x000001ec56131f60 JavaThread "C1 CompilerThread3" daemon [_thread_blocked, id=20324, stack(0x000000c32fb00000,0x000000c32fc00000)]
  0x000001ec565407e0 JavaThread "C2 CompilerThread2" daemon [_thread_blocked, id=28932, stack(0x000000c32f000000,0x000000c32f100000)]

Other Threads:
=>0x000001ec0f63dc60 VMThread "VM Thread" [stack: 0x000000c32de00000,0x000000c32df00000] [id=2600]
  0x000001ec0f834640 WatcherThread [stack: 0x000000c32ea00000,0x000000c32eb00000] [id=32824]
  0x000001ec6bfa1d50 GCTaskThread "GC Thread#0" [stack: 0x000000c32d900000,0x000000c32da00000] [id=37860]
  0x000001ec55da0ed0 GCTaskThread "GC Thread#1" [stack: 0x000000c32f100000,0x000000c32f200000] [id=49444]
  0x000001ec56005410 GCTaskThread "GC Thread#2" [stack: 0x000000c32f200000,0x000000c32f300000] [id=35464]
  0x000001ec556ed930 GCTaskThread "GC Thread#3" [stack: 0x000000c32f300000,0x000000c32f400000] [id=15080]
  0x000001ec556f0210 GCTaskThread "GC Thread#4" [stack: 0x000000c32f400000,0x000000c32f500000] [id=15088]
  0x000001ec55e33470 GCTaskThread "GC Thread#5" [stack: 0x000000c32f500000,0x000000c32f600000] [id=51496]
  0x000001ec559f8070 GCTaskThread "GC Thread#6" [stack: 0x000000c32f600000,0x000000c32f700000] [id=41312]
  0x000001ec559bb1e0 GCTaskThread "GC Thread#7" [stack: 0x000000c32f700000,0x000000c32f800000] [id=48100]
  0x000001ec559bba20 GCTaskThread "GC Thread#8" [stack: 0x000000c32f800000,0x000000c32f900000] [id=41240]
  0x000001ec559bb760 GCTaskThread "GC Thread#9" [stack: 0x000000c32f900000,0x000000c32fa00000] [id=48108]
  0x000001ec559ba9a0 GCTaskThread "GC Thread#10" [stack: 0x000000c32ed00000,0x000000c32ee00000] [id=50520]
  0x000001ec559bbce0 GCTaskThread "GC Thread#11" [stack: 0x000000c32ee00000,0x000000c32ef00000] [id=28224]
  0x000001ec559bbfa0 GCTaskThread "GC Thread#12" [stack: 0x000000c32ef00000,0x000000c32f000000] [id=31644]
  0x000001ec6bfb3530 ConcurrentGCThread "G1 Main Marker" [stack: 0x000000c32da00000,0x000000c32db00000] [id=36460]
  0x000001ec6bfb3f40 ConcurrentGCThread "G1 Conc#0" [stack: 0x000000c32db00000,0x000000c32dc00000] [id=48316]
  0x000001ec559baf20 ConcurrentGCThread "G1 Conc#1" [stack: 0x000000c32fc00000,0x000000c32fd00000] [id=36440]
  0x000001ec559bc260 ConcurrentGCThread "G1 Conc#2" [stack: 0x000000c32fd00000,0x000000c32fe00000] [id=36112]
  0x000001ec0f4f7270 ConcurrentGCThread "G1 Refine#0" [stack: 0x000000c32dc00000,0x000000c32dd00000] [id=39232]
  0x000001ec0f4f8b50 ConcurrentGCThread "G1 Service" [stack: 0x000000c32dd00000,0x000000c32de00000] [id=39044]

Threads with active compile tasks:
C2 CompilerThread0     8323 7155       4       lombok.core.AST::buildWithField (21 bytes)
C1 CompilerThread1     8323 7281       3       java.net.URI::equalIgnoringCase (68 bytes)
C2 CompilerThread1     8323 7232       4       lombok.javac.JavacNode::traverse (774 bytes)
C1 CompilerThread2     8323 7279       3       lombok.javac.handlers.HandleFieldDefaults::visitType (402 bytes)
C2 CompilerThread2     8323 7172   !   4       lombok.javac.JavacAST::drill (146 bytes)

VM state: at safepoint (normal execution)

VM Mutex/Monitor currently owned by a thread:  ([mutex/lock_event])
[0x000001ec6bf301f0] Threads_lock - owner thread: 0x000001ec0f63dc60
[0x000001ec6bf31090] Heap_lock - owner thread: 0x000001ec6bf35440

Heap address: 0x0000000704400000, size: 4028 MB, Compressed Oops mode: Zero based, Oop shift amount: 3

CDS archive(s) mapped at: [0x000001ec10000000-0x000001ec10bd0000-0x000001ec10bd0000), size 12386304, SharedBaseAddress: 0x000001ec10000000, ArchiveRelocationMode: 1.
Compressed class space mapped at: 0x000001ec11000000-0x000001ec51000000, reserved size: 1073741824
Narrow klass base: 0x000001ec10000000, Narrow klass shift: 0, Narrow klass range: 0x100000000

GC Precious Log:
 CPUs: 16 total, 16 available
 Memory: 16109M
 Large Page Support: Disabled
 NUMA Support: Disabled
 Compressed Oops: Enabled (Zero based)
 Heap Region Size: 2M
 Heap Min Capacity: 8M
 Heap Initial Capacity: 252M
 Heap Max Capacity: 4028M
 Pre-touch: Disabled
 Parallel Workers: 13
 Concurrent Workers: 3
 Concurrent Refinement Workers: 13
 Periodic GC: Disabled

Heap:
 garbage-first heap   total 120832K, used 69714K [0x0000000704400000, 0x0000000800000000)
  region size 2048K, 1 young (2048K), 1 survivors (2048K)
 Metaspace       used 26306K, committed 26624K, reserved 1114112K
  class space    used 2822K, committed 3008K, reserved 1048576K

Heap Regions: E=young(eden), S=young(survivor), O=old, HS=humongous(starts), HC=humongous(continues), CS=collection set, F=free, OA=open archive, CA=closed archive, TAMS=top-at-mark-start (previous, next)
|   0|0x0000000704400000, 0x0000000704600000, 0x0000000704600000|100%| O|  |TAMS 0x0000000704600000, 0x0000000704600000| Untracked 
|   1|0x0000000704600000, 0x0000000704800000, 0x0000000704800000|100%| O|  |TAMS 0x0000000704800000, 0x0000000704800000| Untracked 
|   2|0x0000000704800000, 0x0000000704a00000, 0x0000000704a00000|100%| O|  |TAMS 0x0000000704a00000, 0x0000000704a00000| Untracked 
|   3|0x0000000704a00000, 0x0000000704c00000, 0x0000000704c00000|100%| O|  |TAMS 0x0000000704c00000, 0x0000000704c00000| Untracked 
|   4|0x0000000704c00000, 0x0000000704e00000, 0x0000000704e00000|100%| O|  |TAMS 0x0000000704e00000, 0x0000000704e00000| Untracked 
|   5|0x0000000704e00000, 0x0000000705000000, 0x0000000705000000|100%| O|  |TAMS 0x0000000705000000, 0x0000000705000000| Untracked 
|   6|0x0000000705000000, 0x0000000705200000, 0x0000000705200000|100%| O|  |TAMS 0x0000000705200000, 0x0000000705200000| Untracked 
|   7|0x0000000705200000, 0x00000007053f4800, 0x0000000705400000| 97%| O|  |TAMS 0x00000007053f4800, 0x00000007053f4800| Untracked 
|   8|0x0000000705400000, 0x0000000705600000, 0x0000000705600000|100%|HS|  |TAMS 0x0000000705600000, 0x0000000705600000| Complete 
|   9|0x0000000705600000, 0x0000000705800000, 0x0000000705800000|100%|HS|  |TAMS 0x0000000705800000, 0x0000000705800000| Complete 
|  10|0x0000000705800000, 0x0000000705a00000, 0x0000000705a00000|100%| O|  |TAMS 0x0000000705a00000, 0x0000000705a00000| Untracked 
|  11|0x0000000705a00000, 0x0000000705c00000, 0x0000000705c00000|100%| O|  |TAMS 0x0000000705c00000, 0x0000000705c00000| Untracked 
|  12|0x0000000705c00000, 0x0000000705e00000, 0x0000000705e00000|100%| O|  |TAMS 0x0000000705e00000, 0x0000000705e00000| Untracked 
|  13|0x0000000705e00000, 0x0000000706000000, 0x0000000706000000|100%| O|  |TAMS 0x0000000706000000, 0x0000000706000000| Untracked 
|  14|0x0000000706000000, 0x0000000706200000, 0x0000000706200000|100%| O|  |TAMS 0x0000000706200000, 0x0000000706200000| Untracked 
|  15|0x0000000706200000, 0x0000000706400000, 0x0000000706400000|100%| O|  |TAMS 0x0000000706400000, 0x0000000706400000| Untracked 
|  16|0x0000000706400000, 0x0000000706600000, 0x0000000706600000|100%| O|  |TAMS 0x0000000706600000, 0x0000000706600000| Untracked 
|  17|0x0000000706600000, 0x0000000706800000, 0x0000000706800000|100%| O|  |TAMS 0x0000000706800000, 0x0000000706800000| Untracked 
|  18|0x0000000706800000, 0x0000000706a00000, 0x0000000706a00000|100%| O|  |TAMS 0x0000000706a00000, 0x0000000706a00000| Untracked 
|  19|0x0000000706a00000, 0x0000000706c00000, 0x0000000706c00000|100%| O|  |TAMS 0x0000000706c00000, 0x0000000706c00000| Untracked 
|  20|0x0000000706c00000, 0x0000000706e00000, 0x0000000706e00000|100%| O|  |TAMS 0x0000000706e00000, 0x0000000706e00000| Untracked 
|  21|0x0000000706e00000, 0x0000000707000000, 0x0000000707000000|100%| O|  |TAMS 0x0000000707000000, 0x0000000707000000| Untracked 
|  22|0x0000000707000000, 0x0000000707200000, 0x0000000707200000|100%| O|  |TAMS 0x0000000707200000, 0x0000000707200000| Untracked 
|  23|0x0000000707200000, 0x0000000707400000, 0x0000000707400000|100%| O|  |TAMS 0x0000000707400000, 0x0000000707400000| Untracked 
|  24|0x0000000707400000, 0x0000000707600000, 0x0000000707600000|100%| O|  |TAMS 0x0000000707600000, 0x0000000707600000| Untracked 
|  25|0x0000000707600000, 0x0000000707800000, 0x0000000707800000|100%| O|  |TAMS 0x0000000707800000, 0x0000000707800000| Untracked 
|  26|0x0000000707800000, 0x0000000707a00000, 0x0000000707a00000|100%| O|  |TAMS 0x0000000707a00000, 0x0000000707a00000| Untracked 
|  27|0x0000000707a00000, 0x0000000707c00000, 0x0000000707c00000|100%| O|  |TAMS 0x0000000707c00000, 0x0000000707c00000| Untracked 
|  28|0x0000000707c00000, 0x0000000707e00000, 0x0000000707e00000|100%|HS|  |TAMS 0x0000000707e00000, 0x0000000707e00000| Complete 
|  29|0x0000000707e00000, 0x0000000708000000, 0x0000000708000000|100%| O|  |TAMS 0x0000000707feaa00, 0x0000000708000000| Untracked 
|  30|0x0000000708000000, 0x0000000708200000, 0x0000000708200000|100%| O|  |TAMS 0x0000000708000000, 0x0000000708200000| Untracked 
|  31|0x0000000708200000, 0x0000000708400000, 0x0000000708400000|100%| O|  |TAMS 0x0000000708200000, 0x0000000708400000| Untracked 
|  32|0x0000000708400000, 0x0000000708600000, 0x0000000708600000|100%| O|  |TAMS 0x0000000708400000, 0x0000000708600000| Untracked 
|  33|0x0000000708600000, 0x0000000708772a00, 0x0000000708800000| 72%| O|  |TAMS 0x0000000708600000, 0x0000000708772a00| Untracked 
|  34|0x0000000708800000, 0x0000000708800000, 0x0000000708a00000|  0%| F|  |TAMS 0x0000000708800000, 0x0000000708800000| Untracked 
|  35|0x0000000708a00000, 0x0000000708a00000, 0x0000000708c00000|  0%| F|  |TAMS 0x0000000708a00000, 0x0000000708a00000| Untracked 
|  36|0x0000000708c00000, 0x0000000708c00000, 0x0000000708e00000|  0%| F|  |TAMS 0x0000000708c00000, 0x0000000708c00000| Untracked 
|  37|0x0000000708e00000, 0x0000000708e00000, 0x0000000709000000|  0%| F|  |TAMS 0x0000000708e00000, 0x0000000708e00000| Untracked 
|  38|0x0000000709000000, 0x0000000709000000, 0x0000000709200000|  0%| F|  |TAMS 0x0000000709000000, 0x0000000709000000| Untracked 
|  39|0x0000000709200000, 0x0000000709200000, 0x0000000709400000|  0%| F|  |TAMS 0x0000000709200000, 0x0000000709200000| Untracked 
|  40|0x0000000709400000, 0x0000000709400000, 0x0000000709600000|  0%| F|  |TAMS 0x0000000709400000, 0x0000000709400000| Untracked 
|  41|0x0000000709600000, 0x0000000709600000, 0x0000000709800000|  0%| F|  |TAMS 0x0000000709600000, 0x0000000709600000| Untracked 
|  42|0x0000000709800000, 0x0000000709800000, 0x0000000709a00000|  0%| F|  |TAMS 0x0000000709800000, 0x0000000709800000| Untracked 
|  43|0x0000000709a00000, 0x0000000709a00000, 0x0000000709c00000|  0%| F|  |TAMS 0x0000000709a00000, 0x0000000709a00000| Untracked 
|  44|0x0000000709c00000, 0x0000000709c00000, 0x0000000709e00000|  0%| F|  |TAMS 0x0000000709c00000, 0x0000000709c00000| Untracked 
|  45|0x0000000709e00000, 0x0000000709e00000, 0x000000070a000000|  0%| F|  |TAMS 0x0000000709e00000, 0x0000000709e00000| Untracked 
|  46|0x000000070a000000, 0x000000070a0ad978, 0x000000070a200000| 33%| S|CS|TAMS 0x000000070a000000, 0x000000070a000000| Complete 
|  47|0x000000070a200000, 0x000000070a200000, 0x000000070a400000|  0%| F|  |TAMS 0x000000070a200000, 0x000000070a200000| Untracked 
|  48|0x000000070a400000, 0x000000070a400000, 0x000000070a600000|  0%| F|  |TAMS 0x000000070a400000, 0x000000070a400000| Untracked 
|  49|0x000000070a600000, 0x000000070a600000, 0x000000070a800000|  0%| F|  |TAMS 0x000000070a600000, 0x000000070a600000| Untracked 
|  50|0x000000070a800000, 0x000000070a800000, 0x000000070aa00000|  0%| F|  |TAMS 0x000000070a800000, 0x000000070a800000| Untracked 
|  51|0x000000070aa00000, 0x000000070aa00000, 0x000000070ac00000|  0%| F|  |TAMS 0x000000070aa00000, 0x000000070aa00000| Untracked 
|  52|0x000000070ac00000, 0x000000070ac00000, 0x000000070ae00000|  0%| F|  |TAMS 0x000000070ac00000, 0x000000070ac00000| Untracked 
|  53|0x000000070ae00000, 0x000000070ae00000, 0x000000070b000000|  0%| F|  |TAMS 0x000000070ae00000, 0x000000070ae00000| Untracked 
|  54|0x000000070b000000, 0x000000070b000000, 0x000000070b200000|  0%| F|  |TAMS 0x000000070b000000, 0x000000070b000000| Untracked 
|  55|0x000000070b200000, 0x000000070b200000, 0x000000070b400000|  0%| F|  |TAMS 0x000000070b200000, 0x000000070b200000| Untracked 
| 114|0x0000000712800000, 0x0000000712800000, 0x0000000712a00000|  0%| F|  |TAMS 0x0000000712800000, 0x0000000712800000| Untracked 
| 115|0x0000000712a00000, 0x0000000712a00000, 0x0000000712c00000|  0%| F|  |TAMS 0x0000000712a00000, 0x0000000712a00000| Untracked 
| 125|0x0000000713e00000, 0x0000000713e00000, 0x0000000714000000|  0%| F|  |TAMS 0x0000000713e00000, 0x0000000713e00000| Untracked 

Card table byte_map: [0x000001ec74880000,0x000001ec75060000] _byte_map_base: 0x000001ec7105e000

Marking Bits (Prev, Next): (CMBitMap*) 0x000001ec6bfa2370, (CMBitMap*) 0x000001ec6bfa23b0
 Prev Bits: [0x000001ec75840000, 0x000001ec79730000)
 Next Bits: [0x000001ec79730000, 0x000001ec7d620000)

Polling page: 0x000001ec6a070000

Metaspace:

Usage:
  Non-class:     22.93 MB used.
      Class:      2.76 MB used.
       Both:     25.69 MB used.

Virtual space:
  Non-class space:       64.00 MB reserved,      23.06 MB ( 36%) committed,  1 nodes.
      Class space:        1.00 GB reserved,       2.94 MB ( <1%) committed,  1 nodes.
             Both:        1.06 GB reserved,      26.00 MB (  2%) committed. 

Chunk freelists:
   Non-Class:  8.38 MB
       Class:  13.03 MB
        Both:  21.41 MB

MaxMetaspaceSize: unlimited
CompressedClassSpaceSize: 1.00 GB
Initial GC threshold: 21.00 MB
Current GC threshold: 41.06 MB
CDS: on
MetaspaceReclaimPolicy: balanced
 - commit_granule_bytes: 65536.
 - commit_granule_words: 8192.
 - virtual_space_node_default_size: 8388608.
 - enlarge_chunks_in_place: 1.
 - new_chunks_are_fully_committed: 0.
 - uncommit_free_chunks: 1.
 - use_allocation_guard: 0.
 - handle_deallocations: 1.


Internal statistics:

num_allocs_failed_limit: 3.
num_arena_births: 156.
num_arena_deaths: 0.
num_vsnodes_births: 2.
num_vsnodes_deaths: 0.
num_space_committed: 416.
num_space_uncommitted: 0.
num_chunks_returned_to_freelist: 3.
num_chunks_taken_from_freelist: 1095.
num_chunk_merges: 3.
num_chunk_splits: 780.
num_chunks_enlarged: 609.
num_inconsistent_stats: 0.

CodeHeap 'non-profiled nmethods': size=119168Kb used=3810Kb max_used=3810Kb free=115358Kb
 bounds [0x000001ec07ba0000, 0x000001ec07f60000, 0x000001ec0f000000]
CodeHeap 'profiled nmethods': size=119104Kb used=14207Kb max_used=14207Kb free=104896Kb
 bounds [0x000001ec00000000, 0x000001ec00df0000, 0x000001ec07450000]
CodeHeap 'non-nmethods': size=7488Kb used=2907Kb max_used=2972Kb free=4580Kb
 bounds [0x000001ec07450000, 0x000001ec07740000, 0x000001ec07ba0000]
 total_blobs=7020 nmethods=6498 adapters=431
 compilation: enabled
              stopped_count=0, restarted_count=0
 full_count=0

Compilation events (20 events):
Event: 6.250 Thread 0x000001ec0f72aec0 nmethod 7271 0x000001ec00dd8f10 code [0x000001ec00dd90a0, 0x000001ec00dd91b8]
Event: 6.250 Thread 0x000001ec5747e6b0 nmethod 7270 0x000001ec00dd9290 code [0x000001ec00dd9420, 0x000001ec00dd9538]
Event: 6.250 Thread 0x000001ec0f72aec0 7272       3       java.net.URI::hashIgnoringCase (45 bytes)
Event: 6.251 Thread 0x000001ec56131f60 7273   !   3       lombok.javac.JavacAST::getAbsoluteFileLocation (45 bytes)
Event: 6.251 Thread 0x000001ec5747e6b0 7274       3       com.sun.tools.javac.file.PathFileObject$SimpleFileObject::toUri (13 bytes)
Event: 6.251 Thread 0x000001ec0f67d390 7275       3       sun.nio.fs.WindowsPath::toUri (5 bytes)
Event: 6.251 Thread 0x000001ec0f72aec0 nmethod 7272 0x000001ec00dd9610 code [0x000001ec00dd9840, 0x000001ec00dda158]
Event: 6.251 Thread 0x000001ec0f72aec0 7276   !   3       sun.nio.fs.WindowsUriSupport::toUri (48 bytes)
Event: 6.251 Thread 0x000001ec0f67d390 nmethod 7275 0x000001ec00dda590 code [0x000001ec00dda720, 0x000001ec00dda848]
Event: 6.251 Thread 0x000001ec5747e6b0 nmethod 7274 0x000001ec00dda910 code [0x000001ec00ddaac0, 0x000001ec00ddad38]
Event: 6.251 Thread 0x000001ec0f67d390 7277       3       sun.nio.fs.WindowsPath::isUnc (16 bytes)
Event: 6.251 Thread 0x000001ec5747e6b0 7278   !   3       sun.nio.fs.WindowsUriSupport::toUri (245 bytes)
Event: 6.252 Thread 0x000001ec56131f60 nmethod 7273 0x000001ec00ddae90 code [0x000001ec00ddb0a0, 0x000001ec00ddb5d8]
Event: 6.252 Thread 0x000001ec0f67d390 nmethod 7277 0x000001ec00ddb910 code [0x000001ec00ddbaa0, 0x000001ec00ddbc18]
Event: 6.253 Thread 0x000001ec0f72aec0 nmethod 7276 0x000001ec00ddbc90 code [0x000001ec00ddbf00, 0x000001ec00ddcba8]
Event: 6.255 Thread 0x000001ec5747e6b0 nmethod 7278 0x000001ec00ddd010 code [0x000001ec00ddd560, 0x000001ec00ddf788]
Event: 6.255 Thread 0x000001ec5747e6b0 7279       3       lombok.javac.handlers.HandleFieldDefaults::visitType (402 bytes)
Event: 6.256 Thread 0x000001ec0f67d390 7280       3       java.net.URI::equals (223 bytes)
Event: 6.256 Thread 0x000001ec0f72aec0 7281       3       java.net.URI::equalIgnoringCase (68 bytes)
Event: 6.257 Thread 0x000001ec0f67d390 nmethod 7280 0x000001ec00de0510 code [0x000001ec00de07e0, 0x000001ec00de1598]

GC Heap History (20 events):
Event: 4.027 GC heap after
{Heap after GC invocations=4 (full 0):
 garbage-first heap   total 258048K, used 18978K [0x0000000704400000, 0x0000000800000000)
  region size 2048K, 2 young (4096K), 2 survivors (4096K)
 Metaspace       used 21262K, committed 21504K, reserved 1114112K
  class space    used 2385K, committed 2496K, reserved 1048576K
}
Event: 4.602 GC heap before
{Heap before GC invocations=5 (full 0):
 garbage-first heap   total 75776K, used 59938K [0x0000000704400000, 0x0000000800000000)
  region size 2048K, 22 young (45056K), 2 survivors (4096K)
 Metaspace       used 22971K, committed 23296K, reserved 1114112K
  class space    used 2520K, committed 2688K, reserved 1048576K
}
Event: 4.609 GC heap after
{Heap after GC invocations=6 (full 0):
 garbage-first heap   total 86016K, used 39620K [0x0000000704400000, 0x0000000800000000)
  region size 2048K, 10 young (20480K), 10 survivors (20480K)
 Metaspace       used 22971K, committed 23296K, reserved 1114112K
  class space    used 2520K, committed 2688K, reserved 1048576K
}
Event: 4.784 GC heap before
{Heap before GC invocations=6 (full 0):
 garbage-first heap   total 86016K, used 51908K [0x0000000704400000, 0x0000000800000000)
  region size 2048K, 17 young (34816K), 10 survivors (20480K)
 Metaspace       used 22998K, committed 23296K, reserved 1114112K
  class space    used 2521K, committed 2688K, reserved 1048576K
}
Event: 4.790 GC heap after
{Heap after GC invocations=7 (full 0):
 garbage-first heap   total 86016K, used 45732K [0x0000000704400000, 0x0000000800000000)
  region size 2048K, 3 young (6144K), 3 survivors (6144K)
 Metaspace       used 22998K, committed 23296K, reserved 1114112K
  class space    used 2521K, committed 2688K, reserved 1048576K
}
Event: 4.882 GC heap before
{Heap before GC invocations=7 (full 0):
 garbage-first heap   total 86016K, used 58020K [0x0000000704400000, 0x0000000800000000)
  region size 2048K, 10 young (20480K), 3 survivors (6144K)
 Metaspace       used 23011K, committed 23360K, reserved 1114112K
  class space    used 2521K, committed 2688K, reserved 1048576K
}
Event: 4.886 GC heap after
{Heap after GC invocations=8 (full 0):
 garbage-first heap   total 86016K, used 52155K [0x0000000704400000, 0x0000000800000000)
  region size 2048K, 2 young (4096K), 2 survivors (4096K)
 Metaspace       used 23011K, committed 23360K, reserved 1114112K
  class space    used 2521K, committed 2688K, reserved 1048576K
}
Event: 5.071 GC heap before
{Heap before GC invocations=9 (full 0):
 garbage-first heap   total 92160K, used 62395K [0x0000000704400000, 0x0000000800000000)
  region size 2048K, 7 young (14336K), 2 survivors (4096K)
 Metaspace       used 23597K, committed 23808K, reserved 1114112K
  class space    used 2585K, committed 2688K, reserved 1048576K
}
Event: 5.077 GC heap after
{Heap after GC invocations=10 (full 0):
 garbage-first heap   total 110592K, used 54926K [0x0000000704400000, 0x0000000800000000)
  region size 2048K, 1 young (2048K), 1 survivors (2048K)
 Metaspace       used 23597K, committed 23808K, reserved 1114112K
  class space    used 2585K, committed 2688K, reserved 1048576K
}
Event: 5.091 GC heap before
{Heap before GC invocations=10 (full 0):
 garbage-first heap   total 110592K, used 56974K [0x0000000704400000, 0x0000000800000000)
  region size 2048K, 2 young (4096K), 1 survivors (2048K)
 Metaspace       used 23655K, committed 24000K, reserved 1114112K
  class space    used 2590K, committed 2752K, reserved 1048576K
}
Event: 5.096 GC heap after
{Heap after GC invocations=11 (full 0):
 garbage-first heap   total 110592K, used 55248K [0x0000000704400000, 0x0000000800000000)
  region size 2048K, 1 young (2048K), 1 survivors (2048K)
 Metaspace       used 23655K, committed 24000K, reserved 1114112K
  class space    used 2590K, committed 2752K, reserved 1048576K
}
Event: 5.232 GC heap before
{Heap before GC invocations=11 (full 0):
 garbage-first heap   total 110592K, used 73680K [0x0000000704400000, 0x0000000800000000)
  region size 2048K, 11 young (22528K), 1 survivors (2048K)
 Metaspace       used 23982K, committed 24256K, reserved 1114112K
  class space    used 2603K, committed 2752K, reserved 1048576K
}
Event: 5.238 GC heap after
{Heap after GC invocations=12 (full 0):
 garbage-first heap   total 110592K, used 59680K [0x0000000704400000, 0x0000000800000000)
  region size 2048K, 2 young (4096K), 2 survivors (4096K)
 Metaspace       used 23982K, committed 24256K, reserved 1114112K
  class space    used 2603K, committed 2752K, reserved 1048576K
}
Event: 5.399 GC heap before
{Heap before GC invocations=13 (full 0):
 garbage-first heap   total 110592K, used 80160K [0x0000000704400000, 0x0000000800000000)
  region size 2048K, 12 young (24576K), 2 survivors (4096K)
 Metaspace       used 24123K, committed 24384K, reserved 1114112K
  class space    used 2607K, committed 2752K, reserved 1048576K
}
Event: 5.411 GC heap after
{Heap after GC invocations=14 (full 0):
 garbage-first heap   total 110592K, used 65404K [0x0000000704400000, 0x0000000800000000)
  region size 2048K, 2 young (4096K), 2 survivors (4096K)
 Metaspace       used 24123K, committed 24384K, reserved 1114112K
  class space    used 2607K, committed 2752K, reserved 1048576K
}
Event: 5.723 GC heap before
{Heap before GC invocations=14 (full 0):
 garbage-first heap   total 110592K, used 83836K [0x0000000704400000, 0x0000000800000000)
  region size 2048K, 11 young (22528K), 2 survivors (4096K)
 Metaspace       used 24928K, committed 25216K, reserved 1114112K
  class space    used 2675K, committed 2816K, reserved 1048576K
}
Event: 5.732 GC heap after
{Heap after GC invocations=15 (full 0):
 garbage-first heap   total 110592K, used 68994K [0x0000000704400000, 0x0000000800000000)
  region size 2048K, 2 young (4096K), 2 survivors (4096K)
 Metaspace       used 24928K, committed 25216K, reserved 1114112K
  class space    used 2675K, committed 2816K, reserved 1048576K
}
Event: 6.058 GC heap before
{Heap before GC invocations=16 (full 0):
 garbage-first heap   total 120832K, used 83330K [0x0000000704400000, 0x0000000800000000)
  region size 2048K, 10 young (20480K), 2 survivors (4096K)
 Metaspace       used 25807K, committed 26048K, reserved 1114112K
  class space    used 2780K, committed 2880K, reserved 1048576K
}
Event: 6.063 GC heap after
{Heap after GC invocations=17 (full 0):
 garbage-first heap   total 120832K, used 69646K [0x0000000704400000, 0x0000000800000000)
  region size 2048K, 1 young (2048K), 1 survivors (2048K)
 Metaspace       used 25807K, committed 26048K, reserved 1114112K
  class space    used 2780K, committed 2880K, reserved 1048576K
}
Event: 6.258 GC heap before
{Heap before GC invocations=17 (full 0):
 garbage-first heap   total 120832K, used 92174K [0x0000000704400000, 0x0000000800000000)
  region size 2048K, 12 young (24576K), 1 survivors (2048K)
 Metaspace       used 26306K, committed 26624K, reserved 1114112K
  class space    used 2822K, committed 3008K, reserved 1048576K
}

Deoptimization events (20 events):
Event: 6.225 Thread 0x000001ec6bf35440 DEOPT PACKING pc=0x000001ec07f55064 sp=0x000000c32d8fce80
Event: 6.225 Thread 0x000001ec6bf35440 DEOPT UNPACKING pc=0x000001ec074a23a3 sp=0x000000c32d8fce18 mode 2
Event: 6.225 Thread 0x000001ec6bf35440 Uncommon trap: trap_request=0xffffffde fr.pc=0x000001ec07f54fdc relative=0x0000000000000f3c
Event: 6.225 Thread 0x000001ec6bf35440 Uncommon trap: reason=class_check action=maybe_recompile pc=0x000001ec07f54fdc method=lombok.javac.JavacNode.traverse(Llombok/javac/JavacASTVisitor;)V @ 113 c2
Event: 6.225 Thread 0x000001ec6bf35440 DEOPT PACKING pc=0x000001ec07f54fdc sp=0x000000c32d8fcdb0
Event: 6.225 Thread 0x000001ec6bf35440 DEOPT UNPACKING pc=0x000001ec074a23a3 sp=0x000000c32d8fcd38 mode 2
Event: 6.225 Thread 0x000001ec6bf35440 Uncommon trap: trap_request=0xffffffde fr.pc=0x000001ec07f550d0 relative=0x0000000000001030
Event: 6.225 Thread 0x000001ec6bf35440 Uncommon trap: reason=class_check action=maybe_recompile pc=0x000001ec07f550d0 method=lombok.javac.JavacNode.traverse(Llombok/javac/JavacASTVisitor;)V @ 490 c2
Event: 6.225 Thread 0x000001ec6bf35440 DEOPT PACKING pc=0x000001ec07f550d0 sp=0x000000c32d8fccd0
Event: 6.225 Thread 0x000001ec6bf35440 DEOPT UNPACKING pc=0x000001ec074a23a3 sp=0x000000c32d8fcc50 mode 2
Event: 6.225 Thread 0x000001ec6bf35440 Uncommon trap: trap_request=0xffffffde fr.pc=0x000001ec07f550d0 relative=0x0000000000001030
Event: 6.225 Thread 0x000001ec6bf35440 Uncommon trap: reason=class_check action=maybe_recompile pc=0x000001ec07f550d0 method=lombok.javac.JavacNode.traverse(Llombok/javac/JavacASTVisitor;)V @ 490 c2
Event: 6.225 Thread 0x000001ec6bf35440 DEOPT PACKING pc=0x000001ec07f550d0 sp=0x000000c32d8fccd0
Event: 6.225 Thread 0x000001ec6bf35440 DEOPT UNPACKING pc=0x000001ec074a23a3 sp=0x000000c32d8fcc50 mode 2
Event: 6.226 Thread 0x000001ec6bf35440 DEOPT PACKING pc=0x000001ec00d7e18d sp=0x000000c32d8fb9f0
Event: 6.226 Thread 0x000001ec6bf35440 DEOPT UNPACKING pc=0x000001ec074a2b43 sp=0x000000c32d8faea8 mode 0
Event: 6.231 Thread 0x000001ec6bf35440 DEOPT PACKING pc=0x000001ec00d7e18d sp=0x000000c32d8fb6d0
Event: 6.231 Thread 0x000001ec6bf35440 DEOPT UNPACKING pc=0x000001ec074a2b43 sp=0x000000c32d8fab88 mode 0
Event: 6.236 Thread 0x000001ec6bf35440 DEOPT PACKING pc=0x000001ec00d3d8f1 sp=0x000000c32d8fc910
Event: 6.236 Thread 0x000001ec6bf35440 DEOPT UNPACKING pc=0x000001ec074a2b43 sp=0x000000c32d8fbe08 mode 0

Classes unloaded (0 events):
No events

Classes redefined (0 events):
No events

Internal exceptions (20 events):
Event: 5.484 Thread 0x000001ec6bf35440 Exception <a 'sun/nio/fs/WindowsException'{0x000000070a7c6fe8}> (0x000000070a7c6fe8) 
thrown [s\open\src\hotspot\share\prims\jni.cpp, line 516]
Event: 5.484 Thread 0x000001ec6bf35440 Exception <a 'sun/nio/fs/WindowsException'{0x000000070a7c73c8}> (0x000000070a7c73c8) 
thrown [s\open\src\hotspot\share\prims\jni.cpp, line 516]
Event: 5.514 Thread 0x000001ec6bf35440 Exception <a 'sun/nio/fs/WindowsException'{0x000000070a4d3bd0}> (0x000000070a4d3bd0) 
thrown [s\open\src\hotspot\share\prims\jni.cpp, line 516]
Event: 5.515 Thread 0x000001ec6bf35440 Exception <a 'sun/nio/fs/WindowsException'{0x000000070a4d3f30}> (0x000000070a4d3f30) 
thrown [s\open\src\hotspot\share\prims\jni.cpp, line 516]
Event: 5.515 Thread 0x000001ec6bf35440 Exception <a 'sun/nio/fs/WindowsException'{0x000000070a4d6628}> (0x000000070a4d6628) 
thrown [s\open\src\hotspot\share\prims\jni.cpp, line 516]
Event: 5.515 Thread 0x000001ec6bf35440 Exception <a 'sun/nio/fs/WindowsException'{0x000000070a4d6948}> (0x000000070a4d6948) 
thrown [s\open\src\hotspot\share\prims\jni.cpp, line 516]
Event: 5.515 Thread 0x000001ec6bf35440 Exception <a 'sun/nio/fs/WindowsException'{0x000000070a4db370}> (0x000000070a4db370) 
thrown [s\open\src\hotspot\share\prims\jni.cpp, line 516]
Event: 5.515 Thread 0x000001ec6bf35440 Exception <a 'sun/nio/fs/WindowsException'{0x000000070a4db6d0}> (0x000000070a4db6d0) 
thrown [s\open\src\hotspot\share\prims\jni.cpp, line 516]
Event: 5.515 Thread 0x000001ec6bf35440 Exception <a 'sun/nio/fs/WindowsException'{0x000000070a4dc690}> (0x000000070a4dc690) 
thrown [s\open\src\hotspot\share\prims\jni.cpp, line 516]
Event: 5.515 Thread 0x000001ec6bf35440 Exception <a 'sun/nio/fs/WindowsException'{0x000000070a4dca80}> (0x000000070a4dca80) 
thrown [s\open\src\hotspot\share\prims\jni.cpp, line 516]
Event: 5.521 Thread 0x000001ec6bf35440 Exception <a 'sun/nio/fs/WindowsException'{0x000000070a215e80}> (0x000000070a215e80) 
thrown [s\open\src\hotspot\share\prims\jni.cpp, line 516]
Event: 5.522 Thread 0x000001ec6bf35440 Exception <a 'sun/nio/fs/WindowsException'{0x000000070a2161d0}> (0x000000070a2161d0) 
thrown [s\open\src\hotspot\share\prims\jni.cpp, line 516]
Event: 5.522 Thread 0x000001ec6bf35440 Exception <a 'sun/nio/fs/WindowsException'{0x000000070a2170e8}> (0x000000070a2170e8) 
thrown [s\open\src\hotspot\share\prims\jni.cpp, line 516]
Event: 5.522 Thread 0x000001ec6bf35440 Exception <a 'sun/nio/fs/WindowsException'{0x000000070a2173e8}> (0x000000070a2173e8) 
thrown [s\open\src\hotspot\share\prims\jni.cpp, line 516]
Event: 5.522 Thread 0x000001ec6bf35440 Exception <a 'sun/nio/fs/WindowsException'{0x000000070a218520}> (0x000000070a218520) 
thrown [s\open\src\hotspot\share\prims\jni.cpp, line 516]
Event: 5.522 Thread 0x000001ec6bf35440 Exception <a 'sun/nio/fs/WindowsException'{0x000000070a218870}> (0x000000070a218870) 
thrown [s\open\src\hotspot\share\prims\jni.cpp, line 516]
Event: 5.522 Thread 0x000001ec6bf35440 Exception <a 'sun/nio/fs/WindowsException'{0x000000070a219810}> (0x000000070a219810) 
thrown [s\open\src\hotspot\share\prims\jni.cpp, line 516]
Event: 5.522 Thread 0x000001ec6bf35440 Exception <a 'sun/nio/fs/WindowsException'{0x000000070a219be8}> (0x000000070a219be8) 
thrown [s\open\src\hotspot\share\prims\jni.cpp, line 516]
Event: 5.610 Thread 0x000001ec6bf35440 Implicit null exception at 0x000001ec07cad833 to 0x000001ec07cadc3c
Event: 5.625 Thread 0x000001ec6bf35440 Implicit null exception at 0x000001ec07cac56b to 0x000001ec07cac754

VM Operations (20 events):
Event: 5.238 Executing VM operation: G1TryInitiateConcMark done
Event: 5.255 Executing VM operation: G1Concurrent
Event: 5.259 Executing VM operation: G1Concurrent done
Event: 5.267 Executing VM operation: G1Concurrent
Event: 5.267 Executing VM operation: G1Concurrent done
Event: 5.328 Executing VM operation: HandshakeAllThreads
Event: 5.328 Executing VM operation: HandshakeAllThreads done
Event: 5.399 Executing VM operation: G1CollectForAllocation
Event: 5.411 Executing VM operation: G1CollectForAllocation done
Event: 5.522 Executing VM operation: ICBufferFull
Event: 5.523 Executing VM operation: ICBufferFull done
Event: 5.723 Executing VM operation: G1CollectForAllocation
Event: 5.732 Executing VM operation: G1CollectForAllocation done
Event: 5.752 Executing VM operation: G1Concurrent
Event: 5.757 Executing VM operation: G1Concurrent done
Event: 5.768 Executing VM operation: G1Concurrent
Event: 5.768 Executing VM operation: G1Concurrent done
Event: 6.058 Executing VM operation: G1CollectForAllocation
Event: 6.063 Executing VM operation: G1CollectForAllocation done
Event: 6.258 Executing VM operation: G1CollectForAllocation

Events (20 events):
Event: 5.620 loading class java/lang/reflect/AnnotatedType
Event: 5.620 loading class java/lang/reflect/AnnotatedType done
Event: 5.664 loading class java/util/regex/Pattern$1
Event: 5.664 loading class java/util/regex/Pattern$1 done
Event: 5.792 loading class java/text/BreakIterator
Event: 5.792 loading class java/text/BreakIterator done
Event: 5.870 loading class java/util/regex/Pattern$LookBehindEndNode
Event: 5.870 loading class java/util/regex/Pattern$LookBehindEndNode done
Event: 5.870 loading class java/util/regex/Pattern$NotBehind
Event: 5.870 loading class java/util/regex/Pattern$NotBehind done
Event: 5.905 loading class java/util/Vector$1
Event: 5.905 loading class java/util/Vector$1 done
Event: 6.080 loading class java/util/Collections$UnmodifiableSortedSet
Event: 6.080 loading class java/util/Collections$UnmodifiableSortedSet done
Event: 6.087 loading class java/util/IdentityHashMap$EntrySet
Event: 6.088 loading class java/util/IdentityHashMap$EntrySet done
Event: 6.088 loading class java/util/IdentityHashMap$EntryIterator
Event: 6.088 loading class java/util/IdentityHashMap$EntryIterator done
Event: 6.088 loading class java/util/IdentityHashMap$EntryIterator$Entry
Event: 6.088 loading class java/util/IdentityHashMap$EntryIterator$Entry done


Dynamic libraries:
0x00007ff68afe0000 - 0x00007ff68aff0000 	D:\Program Files\Java\jdk-17\bin\java.exe
0x00007fff976a0000 - 0x00007fff97907000 	C:\WINDOWS\SYSTEM32\ntdll.dll
0x00007fff96780000 - 0x00007fff96849000 	C:\WINDOWS\System32\KERNEL32.DLL
0x00007fff947f0000 - 0x00007fff94bdf000 	C:\WINDOWS\System32\KERNELBASE.dll
0x00007fff95240000 - 0x00007fff9538b000 	C:\WINDOWS\System32\ucrtbase.dll
0x00007fff7b110000 - 0x00007fff7b129000 	D:\Program Files\Java\jdk-17\bin\jli.dll
0x00007fff75050000 - 0x00007fff7506b000 	D:\Program Files\Java\jdk-17\bin\VCRUNTIME140.dll
0x00007fff96910000 - 0x00007fff969c4000 	C:\WINDOWS\System32\ADVAPI32.dll
0x00007fff96c10000 - 0x00007fff96cb9000 	C:\WINDOWS\System32\msvcrt.dll
0x00007fff975b0000 - 0x00007fff97656000 	C:\WINDOWS\System32\sechost.dll
0x00007fff95440000 - 0x00007fff95558000 	C:\WINDOWS\System32\RPCRT4.dll
0x00007fff956d0000 - 0x00007fff95895000 	C:\WINDOWS\System32\USER32.dll
0x00007fff95210000 - 0x00007fff95237000 	C:\WINDOWS\System32\win32u.dll
0x00007fff7a5b0000 - 0x00007fff7a843000 	C:\WINDOWS\WinSxS\amd64_microsoft.windows.common-controls_6595b64144ccf1df_6.0.26100.7309_none_3e05feeae336a044\COMCTL32.dll
0x00007fff96b60000 - 0x00007fff96b8b000 	C:\WINDOWS\System32\GDI32.dll
0x00007fff94e00000 - 0x00007fff94f2c000 	C:\WINDOWS\System32\gdi32full.dll
0x00007fff95160000 - 0x00007fff95203000 	C:\WINDOWS\System32\msvcp_win.dll
0x00007fff835e0000 - 0x00007fff835eb000 	C:\WINDOWS\SYSTEM32\VERSION.dll
0x00007fff96cc0000 - 0x00007fff96cf1000 	C:\WINDOWS\System32\IMM32.DLL
0x00007fff7ee70000 - 0x00007fff7ee7c000 	D:\Program Files\Java\jdk-17\bin\vcruntime140_1.dll
0x00007fff46b50000 - 0x00007fff46bde000 	D:\Program Files\Java\jdk-17\bin\msvcp140.dll
0x00007ffe9fad0000 - 0x00007ffea06b1000 	D:\Program Files\Java\jdk-17\bin\server\jvm.dll
0x00007fff958b0000 - 0x00007fff958b8000 	C:\WINDOWS\System32\PSAPI.DLL
0x00007fff6ac30000 - 0x00007fff6ac3a000 	C:\WINDOWS\SYSTEM32\WSOCK32.dll
0x00007fff88fa0000 - 0x00007fff88fd5000 	C:\WINDOWS\SYSTEM32\WINMM.dll
0x00007fff97030000 - 0x00007fff970a4000 	C:\WINDOWS\System32\WS2_32.dll
0x00007fff93560000 - 0x00007fff9357b000 	C:\WINDOWS\SYSTEM32\kernel.appcore.dll
0x00007fff7ed90000 - 0x00007fff7ed9a000 	D:\Program Files\Java\jdk-17\bin\jimage.dll
0x00007fff91ba0000 - 0x00007fff91de2000 	C:\WINDOWS\SYSTEM32\DBGHELP.DLL
0x00007fff97220000 - 0x00007fff975a5000 	C:\WINDOWS\System32\combase.dll
0x00007fff95560000 - 0x00007fff95636000 	C:\WINDOWS\System32\OLEAUT32.dll
0x00007fff77a70000 - 0x00007fff77aac000 	C:\WINDOWS\SYSTEM32\dbgcore.DLL
0x00007fff95390000 - 0x00007fff95435000 	C:\WINDOWS\System32\bcryptPrimitives.dll
0x00007fff674d0000 - 0x00007fff674f5000 	D:\Program Files\Java\jdk-17\bin\java.dll
0x00007fff23380000 - 0x00007fff23457000 	D:\Program Files\Java\jdk-17\bin\jsvml.dll
0x00007fff95920000 - 0x00007fff96073000 	C:\WINDOWS\System32\SHELL32.dll
0x00007fff94ff0000 - 0x00007fff9515a000 	C:\WINDOWS\System32\wintypes.dll
0x00007fff92380000 - 0x00007fff92bde000 	C:\WINDOWS\SYSTEM32\windows.storage.dll
0x00007fff96a60000 - 0x00007fff96b55000 	C:\WINDOWS\System32\SHCORE.dll
0x00007fff969d0000 - 0x00007fff96a36000 	C:\WINDOWS\System32\shlwapi.dll
0x00007fff946d0000 - 0x00007fff946f9000 	C:\WINDOWS\SYSTEM32\profapi.dll
0x00007fff69670000 - 0x00007fff69689000 	D:\Program Files\Java\jdk-17\bin\net.dll
0x00007fff88840000 - 0x00007fff88968000 	C:\WINDOWS\SYSTEM32\WINHTTP.dll
0x00007fff93ad0000 - 0x00007fff93b3b000 	C:\WINDOWS\system32\mswsock.dll
0x00007fff69580000 - 0x00007fff69596000 	D:\Program Files\Java\jdk-17\bin\nio.dll
0x00007fff67a30000 - 0x00007fff67a48000 	D:\Program Files\Java\jdk-17\bin\zip.dll
0x0000000069ac0000 - 0x0000000069ae4000 	D:\packageinstall\apache-maven-3.8.6\lib\jansi-native\Windows\x86_64\jansi.dll
0x00007fff7a970000 - 0x00007fff7a980000 	D:\Program Files\Java\jdk-17\bin\verify.dll

dbghelp: loaded successfully - version: 4.0.5 - missing functions: none
symbol engine: initialized successfully - sym options: 0x614 - pdb path: .;D:\Program Files\Java\jdk-17\bin;C:\WINDOWS\SYSTEM32;C:\WINDOWS\WinSxS\amd64_microsoft.windows.common-controls_6595b64144ccf1df_6.0.26100.7309_none_3e05feeae336a044;D:\Program Files\Java\jdk-17\bin\server;D:\packageinstall\apache-maven-3.8.6\lib\jansi-native\Windows\x86_64

VM Arguments:
jvm_args: -Dclassworlds.conf=D:\packageinstall\apache-maven-3.8.6\bin\m2.conf -Dmaven.home=D:\packageinstall\apache-maven-3.8.6 -Dlibrary.jansi.path=D:\packageinstall\apache-maven-3.8.6\lib\jansi-native -Dmaven.multiModuleProjectDirectory=E:\workspace\development\Ipass\stone202511181359\stone 
java_command: org.codehaus.plexus.classworlds.launcher.Launcher clean package -DskipTests
java_class_path (initial): D:\packageinstall\apache-maven-3.8.6\boot\plexus-classworlds-2.6.0.jar
Launcher Type: SUN_STANDARD

[Global flags]
     intx CICompilerCount                          = 12                                        {product} {ergonomic}
     uint ConcGCThreads                            = 3                                         {product} {ergonomic}
     uint G1ConcRefinementThreads                  = 13                                        {product} {ergonomic}
   size_t G1HeapRegionSize                         = 2097152                                   {product} {ergonomic}
    uintx GCDrainStackTargetSize                   = 64                                        {product} {ergonomic}
   size_t InitialHeapSize                          = 264241152                                 {product} {ergonomic}
   size_t MarkStackSize                            = 4194304                                   {product} {ergonomic}
   size_t MaxHeapSize                              = 4223664128                                {product} {ergonomic}
   size_t MaxNewSize                               = 2533359616                                {product} {ergonomic}
   size_t MinHeapDeltaBytes                        = 2097152                                   {product} {ergonomic}
   size_t MinHeapSize                              = 8388608                                   {product} {ergonomic}
    uintx NonNMethodCodeHeapSize                   = 7602480                                {pd product} {ergonomic}
    uintx NonProfiledCodeHeapSize                  = 122027880                              {pd product} {ergonomic}
    uintx ProfiledCodeHeapSize                     = 122027880                              {pd product} {ergonomic}
    uintx ReservedCodeCacheSize                    = 251658240                              {pd product} {ergonomic}
     bool SegmentedCodeCache                       = true                                      {product} {ergonomic}
   size_t SoftMaxHeapSize                          = 4223664128                             {manageable} {ergonomic}
     bool UseCompressedClassPointers               = true                           {product lp64_product} {ergonomic}
     bool UseCompressedOops                        = true                           {product lp64_product} {ergonomic}
     bool UseG1GC                                  = true                                      {product} {ergonomic}
     bool UseLargePagesIndividualAllocation        = false                                  {pd product} {ergonomic}

Logging:
Log output configuration:
 #0: stdout all=warning uptime,level,tags
 #1: stderr all=off uptime,level,tags

Environment Variables:
JAVA_HOME=D:\Program Files\Java\jdk-17
PATH=C:\WINDOWS\system32;C:\WINDOWS;C:\WINDOWS\System32\Wbem;C:\WINDOWS\System32\WindowsPowerShell\v1.0\;C:\WINDOWS\System32\OpenSSH\;D:\packageinstall\apache-maven-3.8.6\bin;d:\Program Files\Git\cmd;C:\Program Files\Docker\Docker\resources\bin;C:\ProgramData\DockerDesktop\version-bin;D:\Program Files\Bandizip\;D:\Program Files\Java\jdk-17\bin;D:\Program Files\TortoiseSVN\bin;D:\Program Files (x86)\Tencent\微信web开发者工具\dll;%NVM_H;ME%;D:\nvm4w\nodejs;C:\Program Files\dotnet\;D:\packageinstall\gradle-9.0.0\bin;D:\Program Files (x86)\pcsuite\;D:\Program Files\PowerShell\7\;d:\Programs\Trae CN\bin;C:\WINDOWS\system32;C:\WINDOWS;C:\WINDOWS\System32\Wbem;C:\WINDOWS\System32\WindowsPowerShell\v1.0\;C:\WINDOWS\System32\OpenSSH\;D:\packageinstall\apache-maven-3.8.6\bin;d:\Program Files\Git\cmd;C:\Program Files\Docker\Docker\resources\bin;C:\ProgramData\DockerDesktop\version-bin;D:\Program Files\Bandizip\;D:\Program Files\Java\jdk1.8.0_333\bin;d:\Program Files\WinMerge;D:\Program Files\TortoiseSVN\bin;D:\Program Files (x86)\xmanager7\;D:\Program Files (x86)\Tencent\???web?????????\dll;D:\Programs\Python\Python27\Scripts\;D:\Programs\Python\Python27\;C:\Users\arsonal\AppData\Local\Microsoft\WindowsApps;d:\Program Files\JetBrains\IntelliJ IDEA 2022.1.4\bin;D:\Programs\Microsoft VS Code\bin;C:\Users\arsonal\AppData\Roaming\npm;C:\Users\arsonal\AppData\Local\Programs\Trae\bin;D:\install\nvm;D:\nvm4w\nodejs;
USERNAME=arsonal
OS=Windows_NT
PROCESSOR_IDENTIFIER=Intel64 Family 6 Model 154 Stepping 3, GenuineIntel



---------------  S Y S T E M  ---------------

OS:
 Windows 11 , 64 bit Build 26100 (10.0.26100.7309)
OS uptime: 5 days 2:59 hours
Hyper-V role detected

CPU: total 16 (initial active 16) (8 cores per cpu, 2 threads per core) family 6 model 154 stepping 3 microcode 0x437, cx8, cmov, fxsr, ht, mmx, 3dnowpref, sse, sse2, sse3, ssse3, sse4.1, sse4.2, popcnt, lzcnt, tsc, tscinvbit, avx, avx2, aes, erms, clmul, bmi1, bmi2, adx, sha, fma, vzeroupper, clflush, clflushopt, clwb, hv

Memory: 4k page, system-wide physical 16109M (599M free)
TotalPageFile size 35309M (AvailPageFile size 63M)
current process WorkingSet (physical memory assigned to process): 302M, peak: 303M
current process commit charge ("private bytes"): 343M, peak: 459M

vm_info: Java HotSpot(TM) 64-Bit Server VM (17.0.16+12-LTS-247) for windows-amd64 JRE (17.0.16+12-LTS-247), built on Jun 27 2025 10:11:42 by "mach5one" with MS VC++ 17.6 (VS2022)

END.
